
 LIST ALL SELECTED VOLUMES.
   NO.SHEL      AREAS               VOLU      #NODES #ELEM   MAT  REAL  TYP ESYS SECN
     1  1     4    36    24    40   N/A            0     0     2     0    1    0    0
             37    38    20    21
             41     1    19    23
            100    26     2    22
              6     5
     3  1    33    77    65    81   N/A            0     0     2     0    1    0    0
             78    79    61    62
             82     9    60    64
            142    67    16    63
             43    42
     6  1    74   119   107   123   N/A            0     0     2     0    1    0    0
            120   121   103   104
            124    48   102   106
            184   109    57   105
             84    83
     9  1    89    98    99   116   N/A            0     0     1     0    1    0    0
            125   126
    11  1   127   130   131   134   N/A            0     0     1     0    1    0    0
            135   136
    12  1   143   176    41   149   N/A            0     0     1     0    1    0    0
            148    32   140   175
            139   177   141   174
   NO.SHEL      AREAS               VOLU      #NODES #ELEM   MAT  REAL  TYP ESYS SECN
    14  1   153   187    39   154   N/A            0     0     1     0    1    0    0
            155    40   151   186
            150   188   152   185
    15  1   147   191    82   161   N/A            0     0     1     0    1    0    0
            160    73   145   190
            144   192   146   189
    16  1   165   195    80   166   N/A            0     0     1     0    1    0    0
            167    81   163   194
            162   196   164   193
    17  1   159   199   124   173   N/A            0     0     1     0    1    0    0
            172   115   157   198
            156   200   158   197
    18  1   171   203   122   178   N/A            0     0     1     0    1    0    0
            179   123   169   202
            168   204   170   201
    19  1    98   171   169   168   N/A            0     0     3     0    1    0    0
            179   178   122   170
            156   157   159   172
            173   115   158   165
            163   162   167   166
             80   164   184    57
            106    48   107    74
            104   103   121   120
            105    83   144   145
            147   160   161    73
            146   153   151   150
            155   154    39   152
            142    16    64     9
             65    33    62    61
             79    78    63    42
            139   140   143   148
            149    32   141   100
              2    23     1    24
              4    21    20    38
             37    22     5   127
            206   208   207   205

